2016-09-25 16:39:03,294 [Recommenders-Timeout-Manager] ERROR o.e.r.i.rcp.JavaElementSelections - Failed to resolve selection in '=AuctionHouse1/<o1.auctionhouse{FixedPriceSale.scala' at offset 525
org.eclipse.jdt.core.JavaModelException: C:\Users\Leevi\Desktop\Sälä\eclipse\plugins\org.scala-lang.scala-library_2.11.8.v20160304-115712-1706a37eb8.jar is not on its project's build path
	at org.eclipse.jdt.internal.core.JavaElement.newJavaModelException(JavaElement.java:566) ~[org.eclipse.jdt.core_3.10.2.v20150120-1634.jar:na]
	at org.eclipse.jdt.internal.core.Openable.generateInfos(Openable.java:247) ~[org.eclipse.jdt.core_3.10.2.v20150120-1634.jar:na]
	at org.eclipse.jdt.internal.core.Openable.openAncestors(Openable.java:505) ~[org.eclipse.jdt.core_3.10.2.v20150120-1634.jar:na]
	at org.eclipse.jdt.internal.core.Openable.generateInfos(Openable.java:241) ~[org.eclipse.jdt.core_3.10.2.v20150120-1634.jar:na]
	at org.eclipse.jdt.internal.core.Openable.openAncestors(Openable.java:505) ~[org.eclipse.jdt.core_3.10.2.v20150120-1634.jar:na]
	at org.eclipse.jdt.internal.core.Openable.generateInfos(Openable.java:241) ~[org.eclipse.jdt.core_3.10.2.v20150120-1634.jar:na]
	at org.eclipse.jdt.internal.core.JavaElement.openWhenClosed(JavaElement.java:579) ~[org.eclipse.jdt.core_3.10.2.v20150120-1634.jar:na]
	at org.eclipse.jdt.internal.core.JavaElement.getElementInfo(JavaElement.java:316) ~[org.eclipse.jdt.core_3.10.2.v20150120-1634.jar:na]
	at org.eclipse.jdt.internal.core.JavaElement.getElementInfo(JavaElement.java:302) ~[org.eclipse.jdt.core_3.10.2.v20150120-1634.jar:na]
	at org.eclipse.jdt.internal.core.JavaElement.getChildren(JavaElement.java:257) ~[org.eclipse.jdt.core_3.10.2.v20150120-1634.jar:na]
	at scala.tools.eclipse.contribution.weaving.jdt.cfprovider.ClassFileProviderAspect.ajc$around$scala_tools_eclipse_contribution_weaving_jdt_cfprovider_ClassFileProviderAspect$6$81997016(ClassFileProviderAspect.aj:209) ~[na:na]
	at org.eclipse.jdt.internal.core.BinaryType.getChildren(BinaryType.java:193) ~[org.eclipse.jdt.core_3.10.2.v20150120-1634.jar:na]
	at org.eclipse.jdt.internal.core.JavaElement.getChildrenOfType(JavaElement.java:271) ~[org.eclipse.jdt.core_3.10.2.v20150120-1634.jar:na]
	at org.eclipse.jdt.internal.core.BinaryType.getFields(BinaryType.java:305) ~[org.eclipse.jdt.core_3.10.2.v20150120-1634.jar:na]
	at org.scalaide.core.internal.jdt.model.ScalaJavaMapper$class.getJavaElement(ScalaJavaMapper.scala:66) ~[na:na]
	at org.scalaide.core.internal.compiler.ScalaPresentationCompiler.getJavaElement(ScalaPresentationCompiler.scala:52) ~[na:na]
	at org.scalaide.core.internal.jdt.model.ScalaCompilationUnit$$anonfun$codeSelect$1$$anonfun$7.apply(ScalaCompilationUnit.scala:218) ~[na:na]
	at org.scalaide.core.internal.jdt.model.ScalaCompilationUnit$$anonfun$codeSelect$1$$anonfun$7.apply(ScalaCompilationUnit.scala:215) ~[na:na]
	at scala.Option.flatMap(Option.scala:171) ~[na:na]
	at org.scalaide.core.internal.jdt.model.ScalaCompilationUnit$$anonfun$codeSelect$1.apply(ScalaCompilationUnit.scala:215) ~[na:na]
	at org.scalaide.core.internal.jdt.model.ScalaCompilationUnit$$anonfun$codeSelect$1.apply(ScalaCompilationUnit.scala:210) ~[na:na]
	at org.scalaide.core.compiler.InteractiveCompilationUnit$$anonfun$withSourceFile$1.apply(InteractiveCompilationUnit.scala:201) ~[na:na]
	at org.scalaide.core.compiler.InteractiveCompilationUnit$$anonfun$withSourceFile$1.apply(InteractiveCompilationUnit.scala:201) ~[na:na]
	at org.scalaide.core.internal.compiler.PresentationCompilerProxy$$anonfun$internal$1.apply(PresentationCompilerProxy.scala:99) ~[na:na]
	at org.scalaide.core.internal.compiler.PresentationCompilerProxy$$anonfun$internal$1.apply(PresentationCompilerProxy.scala:98) ~[na:na]
	at scala.Option.flatMap(Option.scala:171) ~[na:na]
	at org.scalaide.core.internal.compiler.PresentationCompilerProxy.internal(PresentationCompilerProxy.scala:98) ~[na:na]
	at org.scalaide.core.internal.compiler.PresentationCompilerProxy.apply(PresentationCompilerProxy.scala:56) ~[na:na]
	at org.scalaide.core.compiler.InteractiveCompilationUnit$class.withSourceFile(InteractiveCompilationUnit.scala:201) ~[na:na]
	at org.scalaide.core.internal.jdt.model.ScalaSourceFile.withSourceFile(ScalaSourceFile.scala:66) ~[na:na]
	at org.scalaide.core.internal.jdt.model.ScalaCompilationUnit$class.codeSelect(ScalaCompilationUnit.scala:210) ~[na:na]
	at org.scalaide.core.internal.jdt.model.ScalaSourceFile.codeSelect(ScalaSourceFile.scala:66) ~[na:na]
	at org.scalaide.core.internal.jdt.model.ScalaSourceFile.codeSelect(ScalaSourceFile.scala:126) ~[na:na]
	at org.eclipse.jdt.internal.core.CompilationUnit.codeSelect(CompilationUnit.java:371) ~[org.eclipse.jdt.core_3.10.2.v20150120-1634.jar:na]
	at org.eclipse.recommenders.internal.rcp.JavaElementSelections.resolveJavaElementFromTypeRootInEditor(JavaElementSelections.java:146) [org.eclipse.recommenders.rcp_2.1.0.v20140610-1852.jar:na]
	at org.eclipse.recommenders.internal.rcp.JavaElementSelections.resolveJavaElementFromEditor(JavaElementSelections.java:128) [org.eclipse.recommenders.rcp_2.1.0.v20140610-1852.jar:na]
	at org.eclipse.recommenders.internal.rcp.JavaElementSelections.resolveJavaElementFromEditor(JavaElementSelections.java:111) [org.eclipse.recommenders.rcp_2.1.0.v20140610-1852.jar:na]
	at org.eclipse.recommenders.internal.rcp.JavaElementSelectionService.handleSelectionInEditor(JavaElementSelectionService.java:108) [org.eclipse.recommenders.rcp_2.1.0.v20140610-1852.jar:na]
	at org.eclipse.recommenders.internal.rcp.JavaElementSelectionService.access$1(JavaElementSelectionService.java:105) [org.eclipse.recommenders.rcp_2.1.0.v20140610-1852.jar:na]
	at org.eclipse.recommenders.internal.rcp.JavaElementSelectionService$1.run(JavaElementSelectionService.java:82) [org.eclipse.recommenders.rcp_2.1.0.v20140610-1852.jar:na]
	at java.util.concurrent.Executors$RunnableAdapter.call(Unknown Source) [na:1.7.0_79]
	at java.util.concurrent.FutureTask.run(Unknown Source) [na:1.7.0_79]
	at java.util.concurrent.ScheduledThreadPoolExecutor$ScheduledFutureTask.access$201(Unknown Source) [na:1.7.0_79]
	at java.util.concurrent.ScheduledThreadPoolExecutor$ScheduledFutureTask.run(Unknown Source) [na:1.7.0_79]
	at java.util.concurrent.ThreadPoolExecutor.runWorker(Unknown Source) [na:1.7.0_79]
	at java.util.concurrent.ThreadPoolExecutor$Worker.run(Unknown Source) [na:1.7.0_79]
	at java.lang.Thread.run(Unknown Source) [na:1.7.0_79]
